d:\proga\lab1(11.9)\x64\debug\vc142.pdb
d:\proga\lab1(11.9)\x64\debug\vc142.idb
d:\proga\lab1(11.9)\x64\debug\module2.obj
d:\proga\lab1(11.9)\x64\debug\module1.obj
d:\proga\lab1(11.9)\x64\debug\lab1(11.9).obj
d:\proga\lab1(11.9)\x64\debug\lab1(11.9).exe
d:\proga\lab1(11.9)\x64\debug\lab1(11.9).ilk
d:\proga\lab1(11.9)\x64\debug\lab1(11.9).pdb
d:\proga\lab1(11.9)\x64\debug\module1.res
d:\proga\lab1(11.9)\x64\debug\module2.res
d:\proga\lab1(11.9)\x64\debug\lab1(11.9).res
d:\proga\lab1(11.9)\x64\debug\lab1(11.9).tlog\cl.command.1.tlog
d:\proga\lab1(11.9)\x64\debug\lab1(11.9).tlog\cl.read.1.tlog
d:\proga\lab1(11.9)\x64\debug\lab1(11.9).tlog\cl.write.1.tlog
d:\proga\lab1(11.9)\x64\debug\lab1(11.9).tlog\link.command.1.tlog
d:\proga\lab1(11.9)\x64\debug\lab1(11.9).tlog\link.read.1.tlog
d:\proga\lab1(11.9)\x64\debug\lab1(11.9).tlog\link.write.1.tlog
d:\proga\lab1(11.9)\x64\debug\lab1(11.9).tlog\rc.command.1.tlog
d:\proga\lab1(11.9)\x64\debug\lab1(11.9).tlog\rc.read.1.tlog
d:\proga\lab1(11.9)\x64\debug\lab1(11.9).tlog\rc.write.1.tlog
