d:\projects\main\obj3\debug\obj3.pch
d:\projects\main\obj3\debug\vc141.pdb
d:\projects\main\obj3\debug\vc141.idb
d:\projects\main\obj3\debug\stdafx.obj
d:\projects\main\obj3\debug\obj3.obj
d:\projects\main\obj3\debug\information.obj
d:\projects\main\obj3\debug\graphics.obj
d:\projects\main\debug\obj3.exe
d:\projects\main\debug\obj3.ilk
d:\projects\main\debug\obj3.pdb
d:\projects\main\obj3\debug\obj3.res
d:\projects\main\obj3\debug\obj3.obj.enc
d:\projects\main\obj3\debug\obj3.tlog\cl.command.1.tlog
d:\projects\main\obj3\debug\obj3.tlog\cl.read.1.tlog
d:\projects\main\obj3\debug\obj3.tlog\cl.write.1.tlog
d:\projects\main\obj3\debug\obj3.tlog\link.command.1.tlog
d:\projects\main\obj3\debug\obj3.tlog\link.read.1.tlog
d:\projects\main\obj3\debug\obj3.tlog\link.write.1.tlog
d:\projects\main\obj3\debug\obj3.tlog\rc.command.1.tlog
d:\projects\main\obj3\debug\obj3.tlog\rc.read.1.tlog
d:\projects\main\obj3\debug\obj3.tlog\rc.write.1.tlog
